2024-06-09 12:16:00,774 - watchfiles.main - INFO - 1 change detected
2024-06-09 12:16:53,634 - watchfiles.main - INFO - 1 change detected
2024-06-09 12:16:54,005 - watchfiles.main - INFO - 3 changes detected
2024-06-09 12:17:11,360 - watchfiles.main - INFO - 1 change detected
2024-06-09 12:17:11,740 - watchfiles.main - INFO - 3 changes detected
2024-06-09 12:17:23,164 - watchfiles.main - INFO - 1 change detected
2024-06-09 12:17:23,537 - watchfiles.main - INFO - 3 changes detected
2024-06-09 12:17:29,997 - watchfiles.main - INFO - 1 change detected
2024-06-09 12:17:30,367 - watchfiles.main - INFO - 3 changes detected
2024-06-09 12:17:47,212 - watchfiles.main - INFO - 1 change detected
2024-06-09 12:17:47,584 - watchfiles.main - INFO - 3 changes detected
2024-06-09 12:17:59,021 - watchfiles.main - INFO - 1 change detected
2024-06-09 12:17:59,392 - watchfiles.main - INFO - 3 changes detected
2024-06-09 12:18:03,224 - watchfiles.main - INFO - 1 change detected
2024-06-09 12:18:03,590 - watchfiles.main - INFO - 3 changes detected
2024-06-09 12:18:05,607 - watchfiles.main - INFO - 1 change detected
2024-06-09 12:18:05,974 - watchfiles.main - INFO - 3 changes detected
2024-06-09 12:18:30,911 - watchfiles.main - INFO - 1 change detected
2024-06-09 12:18:31,281 - watchfiles.main - INFO - 3 changes detected
2024-06-09 12:18:42,797 - watchfiles.main - INFO - 1 change detected
2024-06-09 12:18:43,174 - watchfiles.main - INFO - 3 changes detected
2024-06-09 12:18:46,148 - watchfiles.main - INFO - 1 change detected
2024-06-09 12:18:46,516 - watchfiles.main - INFO - 3 changes detected
2024-06-09 12:18:49,694 - watchfiles.main - INFO - 1 change detected
2024-06-09 12:18:50,065 - watchfiles.main - INFO - 3 changes detected
2024-06-09 12:18:57,354 - watchfiles.main - INFO - 1 change detected
2024-06-09 12:18:57,936 - watchfiles.main - INFO - 3 changes detected
2024-06-09 12:19:12,652 - watchfiles.main - INFO - 1 change detected
2024-06-09 12:19:13,025 - watchfiles.main - INFO - 3 changes detected
2024-06-09 12:19:48,357 - watchfiles.main - INFO - 1 change detected
2024-06-09 12:19:48,888 - watchfiles.main - INFO - 3 changes detected
2024-06-09 12:19:55,810 - watchfiles.main - INFO - 1 change detected
2024-06-09 12:19:56,381 - watchfiles.main - INFO - 3 changes detected
2024-06-09 12:20:10,797 - watchfiles.main - INFO - 1 change detected
2024-06-09 12:20:10,976 - app - INFO - API Shutdown
2024-06-09 12:20:11,353 - watchfiles.main - INFO - 4 changes detected
2024-06-09 12:20:17,230 - watchfiles.main - INFO - 1 change detected
2024-06-09 12:20:17,430 - app - INFO - API Shutdown
2024-06-09 12:20:17,816 - watchfiles.main - INFO - 4 changes detected
2024-06-09 12:20:35,244 - watchfiles.main - INFO - 1 change detected
2024-06-09 12:20:35,391 - app - INFO - API Shutdown
2024-06-09 12:20:35,771 - watchfiles.main - INFO - 1 change detected
2024-06-09 12:20:59,540 - watchfiles.main - INFO - 1 change detected
2024-06-09 12:20:59,717 - app - INFO - API Shutdown
2024-06-09 12:21:00,104 - watchfiles.main - INFO - 4 changes detected
2024-06-09 12:21:27,056 - watchfiles.main - INFO - 1 change detected
2024-06-09 12:21:27,238 - app - INFO - API Shutdown
2024-06-09 12:21:27,613 - watchfiles.main - INFO - 4 changes detected
2024-06-09 12:21:42,998 - watchfiles.main - INFO - 1 change detected
2024-06-09 12:21:43,177 - app - INFO - API Shutdown
2024-06-09 12:21:43,554 - watchfiles.main - INFO - 4 changes detected
2024-06-09 12:22:26,637 - watchfiles.main - INFO - 1 change detected
2024-06-09 12:22:26,811 - app - INFO - API Shutdown
2024-06-09 12:22:27,188 - watchfiles.main - INFO - 4 changes detected
2024-06-09 12:22:37,009 - watchfiles.main - INFO - 1 change detected
2024-06-09 12:22:37,154 - app - INFO - API Shutdown
2024-06-09 12:22:37,529 - watchfiles.main - INFO - 4 changes detected
2024-06-09 12:23:04,785 - app - INFO - API Shutdown
2024-06-09 12:37:03,452 - httpx - INFO - HTTP Request: GET http://testserver/api/health "HTTP/1.1 200 OK"
2024-06-09 12:37:41,946 - httpx - INFO - HTTP Request: GET http://testserver/api/health "HTTP/1.1 200 OK"
2024-06-09 12:37:50,808 - httpx - INFO - HTTP Request: GET http://testserver/api/health "HTTP/1.1 200 OK"
2024-06-09 12:39:09,659 - httpx - INFO - HTTP Request: GET http://testserver/api/health "HTTP/1.1 200 OK"
2024-06-09 12:39:54,694 - httpx - INFO - HTTP Request: GET http://testserver/api/health "HTTP/1.1 200 OK"
2024-06-09 12:40:53,194 - httpx - INFO - HTTP Request: GET http://testserver/api/health "HTTP/1.1 200 OK"
2024-06-09 12:43:04,350 - httpx - INFO - HTTP Request: GET http://testserver/api/health "HTTP/1.1 200 OK"
2024-06-09 12:43:12,984 - httpx - INFO - HTTP Request: GET http://testserver/api/health "HTTP/1.1 200 OK"
2024-06-09 12:43:17,684 - httpx - INFO - HTTP Request: GET http://testserver/api/health "HTTP/1.1 200 OK"
2024-06-09 12:43:25,627 - httpx - INFO - HTTP Request: GET http://testserver/api/health "HTTP/1.1 200 OK"
2024-06-09 12:43:36,611 - httpx - INFO - HTTP Request: GET http://testserver/api/health "HTTP/1.1 200 OK"
2024-06-09 12:44:08,822 - app - INFO - API Shutdown
2024-06-09 12:44:18,192 - app - INFO - API Shutdown
2024-06-09 12:44:59,997 - app - INFO - API Shutdown
2024-06-09 12:45:21,495 - app - INFO - API Shutdown
2024-06-09 12:45:25,215 - app - INFO - API Shutdown
2024-06-09 12:45:29,769 - app - INFO - API Shutdown
2024-06-09 12:46:14,211 - app - INFO - API Shutdown
2024-06-09 12:46:44,360 - app - INFO - API Shutdown
2024-06-09 12:47:04,118 - app - INFO - API Shutdown
2024-06-09 12:48:11,292 - app - INFO - API Shutdown
2024-06-09 12:48:37,255 - app - INFO - API Shutdown
2024-06-09 12:48:58,270 - app - INFO - API Shutdown
2024-06-09 12:49:28,380 - app - INFO - API Shutdown
2024-06-09 12:49:34,552 - app - INFO - API Shutdown
2024-06-09 12:49:36,834 - app - INFO - API Shutdown
2024-06-09 12:49:43,886 - app - INFO - API Shutdown
2024-06-09 12:49:58,109 - app - INFO - API Shutdown
2024-06-09 12:50:25,349 - app - INFO - API Shutdown
2024-06-09 12:52:10,876 - app - INFO - API Shutdown
2024-06-09 12:52:27,163 - app - INFO - API Shutdown
2024-06-09 12:52:29,929 - app - INFO - API Shutdown
2024-06-09 12:52:40,333 - app - INFO - API Shutdown
2024-06-09 12:52:46,496 - app - INFO - API Shutdown
2024-06-09 12:53:09,423 - app - INFO - API Shutdown
2024-06-09 12:53:17,992 - app - INFO - API Shutdown
2024-06-09 12:53:41,945 - app - INFO - API Shutdown
2024-06-09 12:55:26,829 - app - INFO - API Shutdown
2024-06-09 12:55:46,352 - app - INFO - API Shutdown
2024-06-09 12:56:04,441 - app - INFO - API Shutdown
2024-06-09 12:56:18,580 - app - INFO - API Shutdown
2024-06-09 12:56:25,756 - app - INFO - API Shutdown
2024-06-09 12:58:26,475 - app - INFO - API Shutdown
2024-06-09 13:15:02,033 - botocore.credentials - INFO - Found credentials in shared credentials file: ~/.aws/credentials
2024-06-09 13:15:02,156 - httpx - INFO - HTTP Request: GET http://testserver/api/health "HTTP/1.1 404 Not Found"
2024-06-09 13:15:17,838 - botocore.credentials - INFO - Found credentials in shared credentials file: ~/.aws/credentials
2024-06-09 13:15:24,437 - botocore.credentials - INFO - Found credentials in shared credentials file: ~/.aws/credentials
2024-06-09 13:15:24,881 - httpx - INFO - HTTP Request: GET http://testserver/api/health "HTTP/1.1 404 Not Found"
2024-06-09 13:15:36,752 - botocore.credentials - INFO - Found credentials in shared credentials file: ~/.aws/credentials
2024-06-09 13:15:37,149 - httpx - INFO - HTTP Request: GET http://testserver/health "HTTP/1.1 200 OK"
2024-06-09 13:16:25,554 - botocore.credentials - INFO - Found credentials in shared credentials file: ~/.aws/credentials
2024-06-09 13:16:25,962 - httpx - INFO - HTTP Request: GET http://testserver/health "HTTP/1.1 200 OK"
2024-06-09 13:16:32,624 - botocore.credentials - INFO - Found credentials in shared credentials file: ~/.aws/credentials
2024-06-09 13:16:33,064 - httpx - INFO - HTTP Request: GET http://testserver/health "HTTP/1.1 200 OK"
2024-06-09 13:19:31,490 - botocore.credentials - INFO - Found credentials in shared credentials file: ~/.aws/credentials
2024-06-09 13:19:31,974 - httpx - INFO - HTTP Request: GET http://testserver/health "HTTP/1.1 200 OK"
2024-06-09 13:21:29,342 - botocore.credentials - INFO - Found credentials in shared credentials file: ~/.aws/credentials
2024-06-09 13:21:29,817 - httpx - INFO - HTTP Request: GET http://testserver/health "HTTP/1.1 200 OK"
2024-06-09 13:21:39,130 - botocore.credentials - INFO - Found credentials in shared credentials file: ~/.aws/credentials
2024-06-09 13:21:39,581 - httpx - INFO - HTTP Request: GET http://testserver/health "HTTP/1.1 200 OK"
2024-06-09 13:21:48,063 - botocore.credentials - INFO - Found credentials in shared credentials file: ~/.aws/credentials
2024-06-09 13:21:48,556 - httpx - INFO - HTTP Request: GET http://testserver/health "HTTP/1.1 200 OK"
2024-06-09 13:21:55,424 - botocore.credentials - INFO - Found credentials in shared credentials file: ~/.aws/credentials
2024-06-09 13:21:55,864 - httpx - INFO - HTTP Request: GET http://testserver/health "HTTP/1.1 200 OK"
2024-06-09 13:22:08,270 - botocore.credentials - INFO - Found credentials in shared credentials file: ~/.aws/credentials
2024-06-09 13:22:08,743 - httpx - INFO - HTTP Request: GET http://testserver/health "HTTP/1.1 200 OK"
2024-06-09 13:22:12,991 - botocore.credentials - INFO - Found credentials in shared credentials file: ~/.aws/credentials
2024-06-09 13:22:13,409 - httpx - INFO - HTTP Request: GET http://testserver/health "HTTP/1.1 200 OK"
2024-06-09 13:22:22,130 - botocore.credentials - INFO - Found credentials in shared credentials file: ~/.aws/credentials
2024-06-09 13:22:22,513 - httpx - INFO - HTTP Request: GET http://testserver/health "HTTP/1.1 200 OK"
2024-06-09 13:22:31,190 - botocore.credentials - INFO - Found credentials in shared credentials file: ~/.aws/credentials
2024-06-09 13:22:31,597 - httpx - INFO - HTTP Request: GET http://testserver/health "HTTP/1.1 200 OK"
2024-06-09 20:35:33,741 - botocore.credentials - INFO - Found credentials in shared credentials file: ~/.aws/credentials
2024-06-09 20:35:34,309 - httpx - INFO - HTTP Request: GET http://testserver/health "HTTP/1.1 200 OK"
2024-06-09 20:35:41,026 - botocore.credentials - INFO - Found credentials in shared credentials file: ~/.aws/credentials
2024-06-09 20:35:41,455 - httpx - INFO - HTTP Request: GET http://testserver/health "HTTP/1.1 200 OK"
2024-06-09 20:37:28,487 - botocore.credentials - INFO - Found credentials in shared credentials file: ~/.aws/credentials
2024-06-09 20:37:28,979 - httpx - INFO - HTTP Request: GET http://testserver/health "HTTP/1.1 200 OK"
2024-06-09 20:38:04,022 - app - INFO - API Shutdown
2024-06-09 20:38:08,310 - app - INFO - API Shutdown
2024-06-09 20:38:26,426 - app - INFO - API Shutdown
2024-06-09 20:38:49,522 - app - INFO - API Shutdown
2024-06-09 20:40:46,658 - app - INFO - API Shutdown
2024-06-09 20:41:31,673 - app - INFO - API Shutdown
2024-06-09 20:42:08,187 - app - INFO - API Shutdown
2024-06-09 20:44:30,435 - app - INFO - API Shutdown
2024-06-09 20:45:37,049 - app - INFO - API Shutdown
2024-06-09 20:45:46,375 - app - INFO - API Shutdown
2024-06-09 20:45:53,964 - app - INFO - API Shutdown
2024-06-09 20:46:02,565 - app - INFO - API Shutdown
2024-06-09 20:46:45,544 - app - INFO - API Shutdown
2024-06-09 20:47:42,658 - app - INFO - API Shutdown
2024-06-09 20:47:48,863 - db.session - INFO - Creating session with engine URL
2024-06-09 20:48:03,986 - app - INFO - API Shutdown
2024-06-09 20:48:07,734 - db.session - INFO - Creating session with engine URL
2024-06-09 20:49:13,844 - app - INFO - API Shutdown
2024-06-09 20:49:22,529 - db.session - INFO - Creating session with engine URL
2024-06-09 20:49:48,389 - app - INFO - API Shutdown
2024-06-09 20:50:11,536 - app - INFO - API Shutdown
2024-06-09 20:50:13,830 - app - INFO - API Shutdown
2024-06-09 20:50:32,572 - app - INFO - API Shutdown
2024-06-09 20:50:35,582 - app - INFO - API Shutdown
2024-06-09 20:51:30,517 - app - INFO - API Shutdown
2024-06-09 20:52:09,462 - app - INFO - API Shutdown
2024-06-09 20:52:12,887 - app - INFO - API Shutdown
2024-06-09 20:52:25,335 - app - INFO - API Shutdown
2024-06-09 20:52:42,467 - app - INFO - API Shutdown
2024-06-09 20:52:53,847 - app - INFO - API Shutdown
2024-06-09 20:54:38,501 - app - INFO - API Shutdown
2024-06-09 20:55:56,488 - app - INFO - API Shutdown
2024-06-09 20:56:00,239 - app - INFO - API Shutdown
2024-06-09 20:56:42,649 - app - INFO - API Shutdown
2024-06-09 20:57:46,799 - app - INFO - API Shutdown
2024-06-09 20:57:53,147 - app - INFO - API Shutdown
2024-06-09 21:00:08,045 - app - INFO - API Shutdown
2024-06-09 21:00:40,996 - app - INFO - API Shutdown
2024-06-09 21:00:44,325 - app - INFO - API Shutdown
2024-06-09 21:01:17,946 - app - INFO - API Shutdown
2024-06-09 21:01:40,009 - app - INFO - API Shutdown
2024-06-09 21:01:58,459 - app - INFO - API Shutdown
2024-06-09 21:02:52,353 - app - INFO - API Shutdown
2024-06-09 21:10:23,804 - app - INFO - API Shutdown
2024-06-09 21:10:39,443 - app - INFO - API Shutdown
2024-06-09 21:11:23,346 - app - INFO - API Shutdown
2024-06-09 21:11:28,052 - app - INFO - API Shutdown
2024-06-09 21:11:31,791 - app - INFO - API Shutdown
2024-06-09 21:11:35,623 - app - INFO - API Shutdown
2024-06-09 21:11:44,237 - app - INFO - API Shutdown
2024-06-09 21:12:02,716 - app - INFO - API Shutdown
2024-06-09 21:12:16,566 - app - INFO - API Shutdown
2024-06-09 21:12:32,077 - app - INFO - API Shutdown
2024-06-09 21:13:03,610 - app - INFO - API Shutdown
2024-06-09 21:14:28,943 - app - INFO - API Shutdown
2024-06-09 21:15:18,277 - app - INFO - API Shutdown
2024-06-09 21:16:43,022 - app - INFO - API Shutdown
2024-06-09 21:16:51,248 - app - INFO - API Shutdown
2024-06-09 21:17:01,775 - app - INFO - API Shutdown
2024-06-09 21:34:17,958 - botocore.credentials - INFO - Found credentials in shared credentials file: ~/.aws/credentials
2024-06-09 21:36:20,405 - botocore.credentials - INFO - Found credentials in shared credentials file: ~/.aws/credentials
2024-06-09 21:36:38,668 - botocore.credentials - INFO - Found credentials in shared credentials file: ~/.aws/credentials
2024-06-09 21:37:00,855 - botocore.credentials - INFO - Found credentials in shared credentials file: ~/.aws/credentials
2024-06-09 21:38:05,543 - botocore.credentials - INFO - Found credentials in shared credentials file: ~/.aws/credentials
2024-06-09 21:38:59,837 - botocore.credentials - INFO - Found credentials in shared credentials file: ~/.aws/credentials
2024-06-09 21:39:00,393 - httpx - INFO - HTTP Request: GET http://testserver/health "HTTP/1.1 200 OK"
2024-06-09 21:41:28,858 - botocore.credentials - INFO - Found credentials in shared credentials file: ~/.aws/credentials
2024-06-09 21:41:29,367 - httpx - INFO - HTTP Request: GET http://testserver/health "HTTP/1.1 200 OK"
2024-06-09 21:42:10,435 - botocore.credentials - INFO - Found credentials in shared credentials file: ~/.aws/credentials
2024-06-09 21:42:11,178 - httpx - INFO - HTTP Request: GET http://testserver/health "HTTP/1.1 200 OK"
2024-06-09 21:42:15,139 - botocore.credentials - INFO - Found credentials in shared credentials file: ~/.aws/credentials
2024-06-09 21:42:15,867 - httpx - INFO - HTTP Request: GET http://testserver/health "HTTP/1.1 200 OK"
2024-06-09 21:43:05,907 - botocore.credentials - INFO - Found credentials in shared credentials file: ~/.aws/credentials
2024-06-09 21:43:06,661 - httpx - INFO - HTTP Request: GET http://testserver/health "HTTP/1.1 200 OK"
2024-06-09 21:43:11,445 - botocore.credentials - INFO - Found credentials in shared credentials file: ~/.aws/credentials
2024-06-09 21:43:12,161 - httpx - INFO - HTTP Request: GET http://testserver/health "HTTP/1.1 200 OK"
2024-06-09 21:44:54,857 - botocore.credentials - INFO - Found credentials in shared credentials file: ~/.aws/credentials
2024-06-09 21:45:16,124 - botocore.credentials - INFO - Found credentials in shared credentials file: ~/.aws/credentials
2024-06-09 21:45:56,062 - botocore.credentials - INFO - Found credentials in shared credentials file: ~/.aws/credentials
2024-06-09 21:47:19,061 - botocore.credentials - INFO - Found credentials in shared credentials file: ~/.aws/credentials
2024-06-09 21:47:48,734 - botocore.credentials - INFO - Found credentials in shared credentials file: ~/.aws/credentials
2024-06-09 21:49:25,916 - botocore.credentials - INFO - Found credentials in shared credentials file: ~/.aws/credentials
2024-06-09 21:50:22,907 - app - INFO - API Shutdown
2024-06-09 21:51:19,912 - botocore.credentials - INFO - Found credentials in shared credentials file: ~/.aws/credentials
2024-06-09 21:51:20,469 - httpx - INFO - HTTP Request: GET http://testserver/health "HTTP/1.1 200 OK"
2024-06-09 21:54:06,369 - botocore.credentials - INFO - Found credentials in shared credentials file: ~/.aws/credentials
2024-06-09 21:54:06,926 - httpx - INFO - HTTP Request: GET http://testserver/health "HTTP/1.1 200 OK"
2024-06-09 21:55:07,919 - botocore.credentials - INFO - Found credentials in shared credentials file: ~/.aws/credentials
2024-06-09 21:55:08,486 - httpx - INFO - HTTP Request: GET http://testserver/health "HTTP/1.1 200 OK"
2024-06-09 21:55:22,034 - botocore.credentials - INFO - Found credentials in shared credentials file: ~/.aws/credentials
2024-06-09 21:55:22,554 - httpx - INFO - HTTP Request: GET http://testserver/health "HTTP/1.1 200 OK"
2024-06-09 21:55:31,291 - botocore.credentials - INFO - Found credentials in shared credentials file: ~/.aws/credentials
2024-06-09 21:55:31,774 - httpx - INFO - HTTP Request: GET http://testserver/health "HTTP/1.1 200 OK"
2024-06-09 21:55:41,912 - botocore.credentials - INFO - Found credentials in shared credentials file: ~/.aws/credentials
2024-06-09 21:55:42,411 - httpx - INFO - HTTP Request: GET http://testserver/health "HTTP/1.1 200 OK"
2024-06-09 21:56:56,630 - botocore.credentials - INFO - Found credentials in shared credentials file: ~/.aws/credentials
2024-06-09 21:56:57,199 - httpx - INFO - HTTP Request: GET http://testserver/health "HTTP/1.1 200 OK"
2024-06-09 21:57:19,933 - botocore.credentials - INFO - Found credentials in shared credentials file: ~/.aws/credentials
2024-06-09 21:57:20,542 - httpx - INFO - HTTP Request: GET http://testserver/health "HTTP/1.1 200 OK"
2024-06-09 21:57:28,843 - botocore.credentials - INFO - Found credentials in shared credentials file: ~/.aws/credentials
2024-06-09 21:57:29,379 - httpx - INFO - HTTP Request: GET http://testserver/health "HTTP/1.1 200 OK"
2024-06-09 21:58:20,102 - botocore.credentials - INFO - Found credentials in shared credentials file: ~/.aws/credentials
2024-06-09 21:58:20,603 - httpx - INFO - HTTP Request: GET http://testserver/health "HTTP/1.1 200 OK"
2024-06-09 21:58:34,038 - botocore.credentials - INFO - Found credentials in shared credentials file: ~/.aws/credentials
2024-06-09 21:58:34,535 - httpx - INFO - HTTP Request: GET http://testserver/health "HTTP/1.1 200 OK"
2024-06-09 21:58:39,628 - botocore.credentials - INFO - Found credentials in shared credentials file: ~/.aws/credentials
2024-06-09 21:58:40,066 - httpx - INFO - HTTP Request: GET http://testserver/health "HTTP/1.1 200 OK"
2024-06-09 21:58:44,084 - botocore.credentials - INFO - Found credentials in shared credentials file: ~/.aws/credentials
2024-06-09 21:58:44,613 - httpx - INFO - HTTP Request: GET http://testserver/health "HTTP/1.1 200 OK"
2024-06-09 22:01:13,801 - botocore.credentials - INFO - Found credentials in shared credentials file: ~/.aws/credentials
2024-06-09 22:01:14,382 - httpx - INFO - HTTP Request: GET http://testserver/health "HTTP/1.1 200 OK"
2024-06-09 22:01:26,072 - botocore.credentials - INFO - Found credentials in shared credentials file: ~/.aws/credentials
2024-06-09 22:01:26,474 - httpx - INFO - HTTP Request: GET http://testserver/health "HTTP/1.1 200 OK"
2024-06-09 22:01:39,073 - botocore.credentials - INFO - Found credentials in shared credentials file: ~/.aws/credentials
2024-06-09 22:01:39,592 - httpx - INFO - HTTP Request: GET http://testserver/health "HTTP/1.1 200 OK"
2024-06-09 22:01:51,345 - botocore.credentials - INFO - Found credentials in shared credentials file: ~/.aws/credentials
2024-06-09 22:01:51,880 - httpx - INFO - HTTP Request: GET http://testserver/health "HTTP/1.1 200 OK"
2024-06-09 22:03:38,360 - botocore.credentials - INFO - Found credentials in shared credentials file: ~/.aws/credentials
2024-06-09 22:03:38,842 - httpx - INFO - HTTP Request: GET http://testserver/health "HTTP/1.1 200 OK"
2024-06-09 22:03:49,736 - botocore.credentials - INFO - Found credentials in shared credentials file: ~/.aws/credentials
2024-06-09 22:03:50,255 - httpx - INFO - HTTP Request: GET http://testserver/health "HTTP/1.1 200 OK"
2024-06-09 22:04:55,097 - botocore.credentials - INFO - Found credentials in shared credentials file: ~/.aws/credentials
2024-06-09 22:04:55,723 - httpx - INFO - HTTP Request: GET http://testserver/health "HTTP/1.1 200 OK"
2024-06-09 22:05:17,058 - botocore.credentials - INFO - Found credentials in shared credentials file: ~/.aws/credentials
2024-06-09 22:05:17,617 - httpx - INFO - HTTP Request: GET http://testserver/health "HTTP/1.1 200 OK"
2024-06-09 22:06:11,228 - botocore.credentials - INFO - Found credentials in shared credentials file: ~/.aws/credentials
2024-06-09 22:06:11,801 - httpx - INFO - HTTP Request: GET http://testserver/health "HTTP/1.1 200 OK"
2024-06-09 22:06:38,429 - botocore.credentials - INFO - Found credentials in shared credentials file: ~/.aws/credentials
2024-06-09 22:06:46,181 - botocore.credentials - INFO - Found credentials in shared credentials file: ~/.aws/credentials
2024-06-09 22:06:46,788 - httpx - INFO - HTTP Request: GET http://testserver/health "HTTP/1.1 200 OK"
2024-06-09 22:07:56,443 - botocore.credentials - INFO - Found credentials in shared credentials file: ~/.aws/credentials
2024-06-09 22:07:56,999 - httpx - INFO - HTTP Request: GET http://testserver/health "HTTP/1.1 200 OK"
2024-06-09 22:08:34,815 - botocore.credentials - INFO - Found credentials in shared credentials file: ~/.aws/credentials
2024-06-09 22:09:02,677 - botocore.credentials - INFO - Found credentials in shared credentials file: ~/.aws/credentials
2024-06-09 22:09:15,205 - botocore.credentials - INFO - Found credentials in shared credentials file: ~/.aws/credentials
2024-06-09 22:09:15,730 - httpx - INFO - HTTP Request: GET http://testserver/health "HTTP/1.1 200 OK"
2024-06-09 22:10:44,947 - botocore.credentials - INFO - Found credentials in shared credentials file: ~/.aws/credentials
2024-06-09 22:10:45,490 - httpx - INFO - HTTP Request: GET http://testserver/health "HTTP/1.1 200 OK"
2024-06-09 22:10:52,497 - botocore.credentials - INFO - Found credentials in shared credentials file: ~/.aws/credentials
2024-06-09 22:10:53,016 - httpx - INFO - HTTP Request: GET http://testserver/health "HTTP/1.1 200 OK"
2024-06-09 22:11:06,105 - botocore.credentials - INFO - Found credentials in shared credentials file: ~/.aws/credentials
2024-06-09 22:11:06,640 - httpx - INFO - HTTP Request: GET http://testserver/health "HTTP/1.1 200 OK"
2024-06-09 22:12:47,711 - botocore.credentials - INFO - Found credentials in shared credentials file: ~/.aws/credentials
2024-06-09 22:13:05,317 - botocore.credentials - INFO - Found credentials in shared credentials file: ~/.aws/credentials
2024-06-09 22:14:42,215 - botocore.credentials - INFO - Found credentials in shared credentials file: ~/.aws/credentials
2024-06-09 22:14:53,101 - botocore.credentials - INFO - Found credentials in shared credentials file: ~/.aws/credentials
2024-06-09 22:14:53,692 - httpx - INFO - HTTP Request: GET http://testserver/health "HTTP/1.1 200 OK"
2024-06-09 22:15:26,841 - botocore.credentials - INFO - Found credentials in shared credentials file: ~/.aws/credentials
2024-06-09 22:15:40,357 - botocore.credentials - INFO - Found credentials in shared credentials file: ~/.aws/credentials
2024-06-09 22:18:02,665 - botocore.credentials - INFO - Found credentials in shared credentials file: ~/.aws/credentials
2024-06-09 22:18:29,158 - botocore.credentials - INFO - Found credentials in shared credentials file: ~/.aws/credentials
2024-06-09 22:18:36,614 - botocore.credentials - INFO - Found credentials in shared credentials file: ~/.aws/credentials
2024-06-09 22:19:20,942 - botocore.credentials - INFO - Found credentials in shared credentials file: ~/.aws/credentials
2024-06-09 22:19:36,993 - botocore.credentials - INFO - Found credentials in shared credentials file: ~/.aws/credentials
2024-06-09 22:20:13,252 - botocore.credentials - INFO - Found credentials in shared credentials file: ~/.aws/credentials
2024-06-09 22:20:21,844 - botocore.credentials - INFO - Found credentials in shared credentials file: ~/.aws/credentials
2024-06-09 22:20:22,366 - httpx - INFO - HTTP Request: GET http://testserver/health "HTTP/1.1 200 OK"
2024-06-09 22:20:47,058 - botocore.credentials - INFO - Found credentials in shared credentials file: ~/.aws/credentials
2024-06-09 22:20:47,620 - httpx - INFO - HTTP Request: GET http://testserver/health "HTTP/1.1 200 OK"
2024-06-09 22:22:03,809 - botocore.credentials - INFO - Found credentials in shared credentials file: ~/.aws/credentials
2024-06-09 22:22:04,380 - httpx - INFO - HTTP Request: GET http://testserver/health "HTTP/1.1 200 OK"
2024-06-09 22:22:17,388 - botocore.credentials - INFO - Found credentials in shared credentials file: ~/.aws/credentials
2024-06-09 22:22:17,902 - httpx - INFO - HTTP Request: GET http://testserver/health "HTTP/1.1 200 OK"
2024-06-09 22:22:23,399 - botocore.credentials - INFO - Found credentials in shared credentials file: ~/.aws/credentials
2024-06-09 22:22:23,897 - httpx - INFO - HTTP Request: GET http://testserver/health "HTTP/1.1 200 OK"
2024-06-09 22:22:44,103 - botocore.credentials - INFO - Found credentials in shared credentials file: ~/.aws/credentials
2024-06-09 22:22:44,624 - httpx - INFO - HTTP Request: GET http://testserver/health "HTTP/1.1 200 OK"
2024-06-09 22:24:12,572 - botocore.credentials - INFO - Found credentials in shared credentials file: ~/.aws/credentials
2024-06-09 22:24:13,147 - httpx - INFO - HTTP Request: GET http://testserver/health "HTTP/1.1 200 OK"
2024-06-09 22:25:13,540 - botocore.credentials - INFO - Found credentials in shared credentials file: ~/.aws/credentials
2024-06-09 22:25:14,059 - httpx - INFO - HTTP Request: GET http://testserver/health "HTTP/1.1 200 OK"
2024-06-09 22:25:28,706 - botocore.credentials - INFO - Found credentials in shared credentials file: ~/.aws/credentials
2024-06-09 22:25:29,332 - httpx - INFO - HTTP Request: GET http://testserver/health "HTTP/1.1 200 OK"
2024-06-09 22:25:45,213 - botocore.credentials - INFO - Found credentials in shared credentials file: ~/.aws/credentials
2024-06-09 22:25:45,763 - httpx - INFO - HTTP Request: GET http://testserver/health "HTTP/1.1 200 OK"
2024-06-09 22:26:28,506 - botocore.credentials - INFO - Found credentials in shared credentials file: ~/.aws/credentials
2024-06-09 22:26:48,621 - botocore.credentials - INFO - Found credentials in shared credentials file: ~/.aws/credentials
2024-06-09 22:27:37,008 - botocore.credentials - INFO - Found credentials in shared credentials file: ~/.aws/credentials
2024-06-09 22:28:43,024 - botocore.credentials - INFO - Found credentials in shared credentials file: ~/.aws/credentials
2024-06-09 22:29:01,888 - botocore.credentials - INFO - Found credentials in shared credentials file: ~/.aws/credentials
2024-06-09 22:31:05,796 - botocore.credentials - INFO - Found credentials in shared credentials file: ~/.aws/credentials
2024-06-09 22:33:04,151 - botocore.credentials - INFO - Found credentials in shared credentials file: ~/.aws/credentials
2024-06-09 22:33:04,261 - sqlalchemy.engine.Engine - INFO - BEGIN (implicit)
2024-06-09 22:33:04,262 - sqlalchemy.engine.Engine - INFO - PRAGMA main.table_info("users")
2024-06-09 22:33:04,262 - sqlalchemy.engine.Engine - INFO - [raw sql] ()
2024-06-09 22:33:04,262 - sqlalchemy.engine.Engine - INFO - PRAGMA temp.table_info("users")
2024-06-09 22:33:04,262 - sqlalchemy.engine.Engine - INFO - [raw sql] ()
2024-06-09 22:33:04,263 - sqlalchemy.engine.Engine - INFO - 
CREATE TABLE users (
	id CHAR(32) NOT NULL, 
	created_at DATETIME NOT NULL, 
	updated_at DATETIME NOT NULL, 
	deleted_at DATETIME, 
	is_deleted BOOLEAN NOT NULL, 
	first_name VARCHAR(255), 
	last_name VARCHAR(255), 
	username VARCHAR(255), 
	hashed_password VARCHAR NOT NULL, 
	PRIMARY KEY (id)
)


2024-06-09 22:33:04,263 - sqlalchemy.engine.Engine - INFO - [no key 0.00016s] ()
2024-06-09 22:33:04,264 - sqlalchemy.engine.Engine - INFO - CREATE INDEX ix_users_is_deleted ON users (is_deleted)
2024-06-09 22:33:04,264 - sqlalchemy.engine.Engine - INFO - [no key 0.00016s] ()
2024-06-09 22:33:04,264 - sqlalchemy.engine.Engine - INFO - CREATE INDEX ix_users_is_deleted ON users (is_deleted)
2024-06-09 22:33:04,265 - sqlalchemy.engine.Engine - INFO - [no key 0.00015s] ()
2024-06-09 22:33:04,265 - sqlalchemy.engine.Engine - INFO - PRAGMA main.table_info("users")
2024-06-09 22:33:04,265 - sqlalchemy.engine.Engine - INFO - [raw sql] ()
2024-06-09 22:33:04,266 - sqlalchemy.engine.Engine - INFO - 
DROP TABLE users
2024-06-09 22:33:04,266 - sqlalchemy.engine.Engine - INFO - [no key 0.00012s] ()
2024-06-09 22:33:05,182 - sqlalchemy.engine.Engine - INFO - COMMIT
2024-06-09 22:34:29,736 - botocore.credentials - INFO - Found credentials in shared credentials file: ~/.aws/credentials
2024-06-09 22:34:29,883 - sqlalchemy.engine.Engine - INFO - BEGIN (implicit)
2024-06-09 22:34:29,883 - sqlalchemy.engine.Engine - INFO - PRAGMA main.table_info("users")
2024-06-09 22:34:29,883 - sqlalchemy.engine.Engine - INFO - [raw sql] ()
2024-06-09 22:34:29,884 - sqlalchemy.engine.Engine - INFO - PRAGMA temp.table_info("users")
2024-06-09 22:34:29,884 - sqlalchemy.engine.Engine - INFO - [raw sql] ()
2024-06-09 22:34:29,885 - sqlalchemy.engine.Engine - INFO - 
CREATE TABLE users (
	deleted_at DATETIME, 
	is_deleted BOOLEAN NOT NULL, 
	created_at DATETIME NOT NULL, 
	updated_at DATETIME NOT NULL, 
	id CHAR(32) NOT NULL, 
	first_name VARCHAR(255), 
	last_name VARCHAR(255), 
	username VARCHAR(255), 
	hashed_password VARCHAR NOT NULL, 
	PRIMARY KEY (id)
)


2024-06-09 22:34:29,885 - sqlalchemy.engine.Engine - INFO - [no key 0.00015s] ()
2024-06-09 22:34:29,886 - sqlalchemy.engine.Engine - INFO - CREATE INDEX ix_users_id ON users (id)
2024-06-09 22:34:29,886 - sqlalchemy.engine.Engine - INFO - [no key 0.00014s] ()
2024-06-09 22:34:29,886 - sqlalchemy.engine.Engine - INFO - CREATE INDEX ix_users_is_deleted ON users (is_deleted)
2024-06-09 22:34:29,886 - sqlalchemy.engine.Engine - INFO - [no key 0.00023s] ()
2024-06-09 22:34:29,887 - sqlalchemy.engine.Engine - INFO - CREATE INDEX ix_users_is_deleted ON users (is_deleted)
2024-06-09 22:34:29,887 - sqlalchemy.engine.Engine - INFO - [no key 0.00043s] ()
2024-06-09 22:34:29,888 - sqlalchemy.engine.Engine - INFO - PRAGMA main.table_info("users")
2024-06-09 22:34:29,888 - sqlalchemy.engine.Engine - INFO - [raw sql] ()
2024-06-09 22:34:29,889 - sqlalchemy.engine.Engine - INFO - 
DROP TABLE users
2024-06-09 22:34:29,889 - sqlalchemy.engine.Engine - INFO - [no key 0.00013s] ()
2024-06-09 22:34:30,736 - sqlalchemy.engine.Engine - INFO - COMMIT
2024-06-09 22:34:36,856 - botocore.credentials - INFO - Found credentials in shared credentials file: ~/.aws/credentials
2024-06-09 22:35:34,302 - botocore.credentials - INFO - Found credentials in shared credentials file: ~/.aws/credentials
2024-06-09 22:35:48,915 - botocore.credentials - INFO - Found credentials in shared credentials file: ~/.aws/credentials
2024-06-09 22:37:00,937 - botocore.credentials - INFO - Found credentials in shared credentials file: ~/.aws/credentials
2024-06-09 22:37:15,652 - botocore.credentials - INFO - Found credentials in shared credentials file: ~/.aws/credentials
2024-06-09 22:37:24,383 - botocore.credentials - INFO - Found credentials in shared credentials file: ~/.aws/credentials
2024-06-09 22:38:02,480 - botocore.credentials - INFO - Found credentials in shared credentials file: ~/.aws/credentials
2024-06-09 22:38:02,609 - sqlalchemy.engine.Engine - INFO - BEGIN (implicit)
2024-06-09 22:38:02,610 - sqlalchemy.engine.Engine - INFO - PRAGMA main.table_info("user")
2024-06-09 22:38:02,610 - sqlalchemy.engine.Engine - INFO - [raw sql] ()
2024-06-09 22:38:02,611 - sqlalchemy.engine.Engine - INFO - PRAGMA temp.table_info("user")
2024-06-09 22:38:02,611 - sqlalchemy.engine.Engine - INFO - [raw sql] ()
2024-06-09 22:38:02,612 - sqlalchemy.engine.Engine - INFO - 
CREATE TABLE user (
	deleted_at DATETIME, 
	is_deleted BOOLEAN NOT NULL, 
	created_at DATETIME NOT NULL, 
	updated_at DATETIME NOT NULL, 
	id CHAR(32) NOT NULL, 
	first_name VARCHAR(255), 
	last_name VARCHAR(255), 
	username VARCHAR(255), 
	hashed_password VARCHAR NOT NULL, 
	PRIMARY KEY (id)
)


2024-06-09 22:38:02,612 - sqlalchemy.engine.Engine - INFO - [no key 0.00024s] ()
2024-06-09 22:38:02,613 - sqlalchemy.engine.Engine - INFO - CREATE INDEX ix_user_id ON user (id)
2024-06-09 22:38:02,613 - sqlalchemy.engine.Engine - INFO - [no key 0.00016s] ()
2024-06-09 22:38:02,613 - sqlalchemy.engine.Engine - INFO - CREATE INDEX ix_user_is_deleted ON user (is_deleted)
2024-06-09 22:38:02,614 - sqlalchemy.engine.Engine - INFO - [no key 0.00012s] ()
2024-06-09 22:38:03,082 - httpx - INFO - HTTP Request: GET http://testserver/health "HTTP/1.1 200 OK"
2024-06-09 22:38:03,084 - sqlalchemy.engine.Engine - INFO - PRAGMA main.table_info("user")
2024-06-09 22:38:03,084 - sqlalchemy.engine.Engine - INFO - [raw sql] ()
2024-06-09 22:38:03,085 - sqlalchemy.engine.Engine - INFO - 
DROP TABLE user
2024-06-09 22:38:03,085 - sqlalchemy.engine.Engine - INFO - [no key 0.00038s] ()
2024-06-09 22:38:03,087 - sqlalchemy.engine.Engine - INFO - COMMIT
2024-06-09 22:38:20,719 - botocore.credentials - INFO - Found credentials in shared credentials file: ~/.aws/credentials
2024-06-09 22:38:20,845 - sqlalchemy.engine.Engine - INFO - BEGIN (implicit)
2024-06-09 22:38:20,846 - sqlalchemy.engine.Engine - INFO - PRAGMA main.table_info("user")
2024-06-09 22:38:20,846 - sqlalchemy.engine.Engine - INFO - [raw sql] ()
2024-06-09 22:38:20,847 - sqlalchemy.engine.Engine - INFO - PRAGMA temp.table_info("user")
2024-06-09 22:38:20,847 - sqlalchemy.engine.Engine - INFO - [raw sql] ()
2024-06-09 22:38:20,848 - sqlalchemy.engine.Engine - INFO - 
CREATE TABLE user (
	deleted_at DATETIME, 
	is_deleted BOOLEAN NOT NULL, 
	created_at DATETIME NOT NULL, 
	updated_at DATETIME NOT NULL, 
	id CHAR(32) NOT NULL, 
	first_name VARCHAR(255), 
	last_name VARCHAR(255), 
	username VARCHAR(255), 
	hashed_password VARCHAR NOT NULL, 
	PRIMARY KEY (id)
)


2024-06-09 22:38:20,848 - sqlalchemy.engine.Engine - INFO - [no key 0.00014s] ()
2024-06-09 22:38:20,848 - sqlalchemy.engine.Engine - INFO - CREATE INDEX ix_user_id ON user (id)
2024-06-09 22:38:20,848 - sqlalchemy.engine.Engine - INFO - [no key 0.00013s] ()
2024-06-09 22:38:20,849 - sqlalchemy.engine.Engine - INFO - CREATE INDEX ix_user_is_deleted ON user (is_deleted)
2024-06-09 22:38:20,849 - sqlalchemy.engine.Engine - INFO - [no key 0.00019s] ()
2024-06-09 22:38:21,365 - httpx - INFO - HTTP Request: GET http://testserver/health "HTTP/1.1 200 OK"
2024-06-09 22:38:21,366 - sqlalchemy.engine.Engine - INFO - PRAGMA main.table_info("user")
2024-06-09 22:38:21,366 - sqlalchemy.engine.Engine - INFO - [raw sql] ()
2024-06-09 22:38:21,367 - sqlalchemy.engine.Engine - INFO - 
DROP TABLE user
2024-06-09 22:38:21,367 - sqlalchemy.engine.Engine - INFO - [no key 0.00014s] ()
2024-06-09 22:38:21,368 - sqlalchemy.engine.Engine - INFO - COMMIT
2024-06-09 22:38:37,101 - botocore.credentials - INFO - Found credentials in shared credentials file: ~/.aws/credentials
2024-06-09 22:38:37,705 - httpx - INFO - HTTP Request: GET http://testserver/health "HTTP/1.1 200 OK"
2024-06-09 22:38:54,889 - botocore.credentials - INFO - Found credentials in shared credentials file: ~/.aws/credentials
2024-06-09 22:38:55,452 - httpx - INFO - HTTP Request: GET http://testserver/health "HTTP/1.1 200 OK"
